# JRE version: Java(TM) SE Runtime Environment (8.0_151-b12) (build 1.8.0_151-b12)
# Java VM: Java HotSpot(TM) 64-Bit Server VM (25.151-b12 mixed mode windows-amd64 compressed oops)
Heap:
 PSYoungGen      total 556032K, used 10592K [0x000000076b800000, 0x000000078f000000, 0x00000007c0000000)
  eden space 532480K, 0% used [0x000000076b800000,0x000000076b800000,0x000000078c000000)
  from space 23552K, 44% used [0x000000078d900000,0x000000078e358060,0x000000078f000000)
  to   space 24576K, 0% used [0x000000078c000000,0x000000078c000000,0x000000078d800000)
 ParOldGen       total 262656K, used 58369K [0x00000006c2800000, 0x00000006d2880000, 0x000000076b800000)
  object space 262656K, 22% used [0x00000006c2800000,0x00000006c6100710,0x00000006d2880000)
 Metaspace       used 75422K, capacity 76782K, committed 77016K, reserved 1118208K
  class space    used 8812K, capacity 9124K, committed 9216K, reserved 1048576K
GC Heap History (10 events):
Event: 1588.149 GC heap after
Heap after GC invocations=23 (full 4):
 PSYoungGen      total 502784K, used 11219K [0x000000076b800000, 0x000000078c800000, 0x00000007c0000000)
  eden space 491520K, 0% used [0x000000076b800000,0x000000076b800000,0x0000000789800000)
  from space 11264K, 99% used [0x0000000789800000,0x000000078a2f4d98,0x000000078a300000)
  to   space 24576K, 0% used [0x000000078b000000,0x000000078b000000,0x000000078c800000)
 ParOldGen       total 262656K, used 48104K [0x00000006c2800000, 0x00000006d2880000, 0x000000076b800000)
  object space 262656K, 18% used [0x00000006c2800000,0x00000006c56fa050,0x00000006d2880000)
 Metaspace       used 72928K, capacity 74110K, committed 74200K, reserved 1114112K
  class space    used 8613K, capacity 8877K, committed 8960K, reserved 1048576K
}
Event: 1588.149 GC heap before
{Heap before GC invocations=24 (full 5):
 PSYoungGen      total 502784K, used 11219K [0x000000076b800000, 0x000000078c800000, 0x00000007c0000000)
  eden space 491520K, 0% used [0x000000076b800000,0x000000076b800000,0x0000000789800000)
  from space 11264K, 99% used [0x0000000789800000,0x000000078a2f4d98,0x000000078a300000)
  to   space 24576K, 0% used [0x000000078b000000,0x000000078b000000,0x000000078c800000)
 ParOldGen       total 262656K, used 48104K [0x00000006c2800000, 0x00000006d2880000, 0x000000076b800000)
  object space 262656K, 18% used [0x00000006c2800000,0x00000006c56fa050,0x00000006d2880000)
 Metaspace       used 72928K, capacity 74110K, committed 74200K, reserved 1114112K
  class space    used 8613K, capacity 8877K, committed 8960K, reserved 1048576K
Event: 1588.673 GC heap after
Heap after GC invocations=24 (full 5):
 PSYoungGen      total 502784K, used 0K [0x000000076b800000, 0x000000078c800000, 0x00000007c0000000)
  eden space 491520K, 0% used [0x000000076b800000,0x000000076b800000,0x0000000789800000)
  from space 11264K, 0% used [0x0000000789800000,0x0000000789800000,0x000000078a300000)
  to   space 24576K, 0% used [0x000000078b000000,0x000000078b000000,0x000000078c800000)
 ParOldGen       total 262656K, used 58345K [0x00000006c2800000, 0x00000006d2880000, 0x000000076b800000)
  object space 262656K, 22% used [0x00000006c2800000,0x00000006c60fa710,0x00000006d2880000)
 Metaspace       used 72921K, capacity 74098K, committed 74200K, reserved 1114112K
  class space    used 8612K, capacity 8875K, committed 8960K, reserved 1048576K
}
Event: 1593.214 GC heap before
{Heap before GC invocations=25 (full 5):
 PSYoungGen      total 502784K, used 491520K [0x000000076b800000, 0x000000078c800000, 0x00000007c0000000)
  eden space 491520K, 100% used [0x000000076b800000,0x0000000789800000,0x0000000789800000)
  from space 11264K, 0% used [0x0000000789800000,0x0000000789800000,0x000000078a300000)
  to   space 24576K, 0% used [0x000000078b000000,0x000000078b000000,0x000000078c800000)
 ParOldGen       total 262656K, used 58345K [0x00000006c2800000, 0x00000006d2880000, 0x000000076b800000)
  object space 262656K, 22% used [0x00000006c2800000,0x00000006c60fa710,0x00000006d2880000)
 Metaspace       used 73232K, capacity 74492K, committed 74712K, reserved 1116160K
  class space    used 8647K, capacity 8928K, committed 8960K, reserved 1048576K
Event: 1593.223 GC heap after
Heap after GC invocations=25 (full 5):
 PSYoungGen      total 517120K, used 9026K [0x000000076b800000, 0x000000078ea80000, 0x00000007c0000000)
  eden space 492544K, 0% used [0x000000076b800000,0x000000076b800000,0x0000000789900000)
  from space 24576K, 36% used [0x000000078b000000,0x000000078b8d08d8,0x000000078c800000)
  to   space 23552K, 0% used [0x0000000789900000,0x0000000789900000,0x000000078b000000)
 ParOldGen       total 262656K, used 58353K [0x00000006c2800000, 0x00000006d2880000, 0x000000076b800000)
  object space 262656K, 22% used [0x00000006c2800000,0x00000006c60fc710,0x00000006d2880000)
 Metaspace       used 73232K, capacity 74492K, committed 74712K, reserved 1116160K
  class space    used 8647K, capacity 8928K, committed 8960K, reserved 1048576K
}
Event: 1596.141 GC heap before
{Heap before GC invocations=26 (full 5):
 PSYoungGen      total 517120K, used 501570K [0x000000076b800000, 0x000000078ea80000, 0x00000007c0000000)
  eden space 492544K, 100% used [0x000000076b800000,0x0000000789900000,0x0000000789900000)
  from space 24576K, 36% used [0x000000078b000000,0x000000078b8d08d8,0x000000078c800000)
  to   space 23552K, 0% used [0x0000000789900000,0x0000000789900000,0x000000078b000000)
 ParOldGen       total 262656K, used 58353K [0x00000006c2800000, 0x00000006d2880000, 0x000000076b800000)
  object space 262656K, 22% used [0x00000006c2800000,0x00000006c60fc710,0x00000006d2880000)
 Metaspace       used 75165K, capacity 76410K, committed 76632K, reserved 1116160K
  class space    used 8802K, capacity 9077K, committed 9088K, reserved 1048576K
Event: 1596.153 GC heap after
Heap after GC invocations=26 (full 5):
 PSYoungGen      total 516096K, used 19490K [0x000000076b800000, 0x000000078f200000, 0x00000007c0000000)
  eden space 492544K, 0% used [0x000000076b800000,0x000000076b800000,0x0000000789900000)
  from space 23552K, 82% used [0x0000000789900000,0x000000078ac08a30,0x000000078b000000)
  to   space 25600K, 0% used [0x000000078d900000,0x000000078d900000,0x000000078f200000)
 ParOldGen       total 262656K, used 58361K [0x00000006c2800000, 0x00000006d2880000, 0x000000076b800000)
  object space 262656K, 22% used [0x00000006c2800000,0x00000006c60fe710,0x00000006d2880000)
 Metaspace       used 75165K, capacity 76410K, committed 76632K, reserved 1116160K
  class space    used 8802K, capacity 9077K, committed 9088K, reserved 1048576K
}
Event: 1631.626 GC heap before
{Heap before GC invocations=27 (full 5):
 PSYoungGen      total 516096K, used 170995K [0x000000076b800000, 0x000000078f200000, 0x00000007c0000000)
  eden space 492544K, 30% used [0x000000076b800000,0x0000000774bf4220,0x0000000789900000)
  from space 23552K, 82% used [0x0000000789900000,0x000000078ac08a30,0x000000078b000000)
  to   space 25600K, 0% used [0x000000078d900000,0x000000078d900000,0x000000078f200000)
 ParOldGen       total 262656K, used 58361K [0x00000006c2800000, 0x00000006d2880000, 0x000000076b800000)
  object space 262656K, 22% used [0x00000006c2800000,0x00000006c60fe710,0x00000006d2880000)
 Metaspace       used 75422K, capacity 76782K, committed 77016K, reserved 1118208K
  class space    used 8812K, capacity 9124K, committed 9216K, reserved 1048576K
Event: 1631.632 GC heap after
Heap after GC invocations=27 (full 5):
 PSYoungGen      total 556032K, used 10592K [0x000000076b800000, 0x000000078f000000, 0x00000007c0000000)
  eden space 532480K, 0% used [0x000000076b800000,0x000000076b800000,0x000000078c000000)
  from space 23552K, 44% used [0x000000078d900000,0x000000078e358060,0x000000078f000000)
  to   space 24576K, 0% used [0x000000078c000000,0x000000078c000000,0x000000078d800000)
 ParOldGen       total 262656K, used 58369K [0x00000006c2800000, 0x00000006d2880000, 0x000000076b800000)
  object space 262656K, 22% used [0x00000006c2800000,0x00000006c6100710,0x00000006d2880000)
 Metaspace       used 75422K, capacity 76782K, committed 77016K, reserved 1118208K
  class space    used 8812K, capacity 9124K, committed 9216K, reserved 1048576K
}
Event: 1631.633 GC heap before
{Heap before GC invocations=28 (full 6):
 PSYoungGen      total 556032K, used 10592K [0x000000076b800000, 0x000000078f000000, 0x00000007c0000000)
  eden space 532480K, 0% used [0x000000076b800000,0x000000076b800000,0x000000078c000000)
  from space 23552K, 44% used [0x000000078d900000,0x000000078e358060,0x000000078f000000)
  to   space 24576K, 0% used [0x000000078c000000,0x000000078c000000,0x000000078d800000)
 ParOldGen       total 262656K, used 58369K [0x00000006c2800000, 0x00000006d2880000, 0x000000076b800000)
  object space 262656K, 22% used [0x00000006c2800000,0x00000006c6100710,0x00000006d2880000)
 Metaspace       used 75422K, capacity 76782K, committed 77016K, reserved 1118208K
  class space    used 8812K, capacity 9124K, committed 9216K, reserved 1048576K

